[2014-10-27 19:02:02] START
[2014-10-27 19:02:02] CREATE event_tags.py: 0
[2014-10-27 19:02:14] CREATE student_org.py: 0
[2014-10-27 19:02:22] CREATE student.py: 0
[2014-10-27 19:02:27] CREATE tag.py: 0
[2014-10-27 19:02:38] EDIT EventCentral/models/event_tags.py: 3
[2014-10-27 19:02:59] EDIT EventCentral/models/student.py: 3
[2014-10-27 19:03:11] EDIT EventCentral/models/tag.py: 3
[2014-10-27 19:03:20] EDIT EventCentral/models/student_org.py: 10
[2014-11-18 08:58:13] EDIT EventCentral/controllers/default.py: 30
[2014-11-18 08:58:53] EDIT EventCentral/controllers/default.py: 0
[2014-11-18 09:05:19] EDIT EventCentral/views/default/show.html: 1
[2014-11-18 10:36:37] EDIT EventCentral/views/default/show.html: 0
[2014-11-18 10:38:10] EDIT EventCentral/views/default/show.html: 0
[2014-11-18 10:38:32] EDIT EventCentral/views/default/show.html: 0
[2014-11-18 10:40:12] EDIT EventCentral/views/default/show.html: 3
[2014-11-18 10:41:01] EDIT EventCentral/views/default/show.html: 1
[2014-11-18 10:41:33] EDIT EventCentral/views/default/show.html: 2
[2014-11-18 10:42:00] EDIT EventCentral/views/default/show.html: -5
[2014-11-18 10:45:43] EDIT EventCentral/views/default/show.html: -1
[2014-11-18 10:47:34] EDIT EventCentral/views/default/view_student_org.html: 0
[2014-11-18 10:48:19] EDIT EventCentral/views/default/view_student_org.html: 0
[2014-11-18 10:51:31] EDIT EventCentral/views/default/view_student_org.html: 0
[2014-11-18 10:53:50] EDIT EventCentral/models/b_student_org.py: 1
[2014-11-18 10:54:26] EDIT EventCentral/models/b_student_org.py: 0
[2014-11-18 10:54:27] EDIT EventCentral/models/b_student_org.py: 0
[2014-11-18 10:55:15] EDIT EventCentral/views/default/view_student_org.html: 3
[2014-11-18 10:56:03] EDIT EventCentral/views/default/edit_student_org.html: 0
[2014-11-18 10:56:17] EDIT EventCentral/views/default/edit_student_org.html: 0
[2014-11-18 10:56:27] EDIT EventCentral/views/default/edit_student_org.html: 0
[2014-11-18 10:58:26] EDIT EventCentral/controllers/default.py: 2
[2014-11-18 10:59:02] EDIT EventCentral/controllers/default.py: 0
[2014-11-18 10:59:21] EDIT EventCentral/controllers/default.py: 0
[2014-11-18 10:59:31] EDIT EventCentral/controllers/default.py: 0
[2014-11-18 10:59:37] EDIT EventCentral/controllers/default.py: 0
[2014-11-18 10:59:38] EDIT EventCentral/controllers/default.py: 0
[2014-11-18 11:02:42] EDIT EventCentral/controllers/default.py: 0
[2014-11-18 11:03:17] EDIT EventCentral/controllers/default.py: -2
[2014-11-18 11:03:24] EDIT EventCentral/controllers/default.py: 0
[2014-11-18 15:08:23] CREATE admin_page.html: 0
[2014-11-18 15:08:31] EDIT EventCentral/views/admin_page.html: 28
[2014-11-18 15:12:11] EDIT EventCentral/views/admin_page.html: 0
[2014-11-18 15:12:33] EDIT EventCentral/views/default/view_student_org.html: 2
[2014-11-18 15:12:41] EDIT EventCentral/views/default/view_student_org.html: 0
[2014-11-18 15:14:15] EDIT EventCentral/views/default/view_student_org.html: 1
[2014-11-18 15:14:36] EDIT EventCentral/views/admin_page.html: 0
[2014-11-18 15:14:38] EDIT EventCentral/controllers/default.py: 4
[2014-11-18 15:15:57] EDIT EventCentral/controllers/default.py: 0
[2014-11-18 15:16:31] EDIT EventCentral/controllers/default.py: 0
[2014-11-18 15:18:18] EDIT EventCentral/controllers/default.py: -4
[2014-11-18 15:19:12] DELETE EventCentral/views/admin_page.html: -31
[2014-11-18 15:19:30] CREATE default/admin_page.html: 0
[2014-11-18 15:19:34] EDIT EventCentral/views/default/admin_page.html: 28
[2014-11-18 15:20:10] EDIT EventCentral/controllers/default.py: 4
[2014-11-18 15:20:14] EDIT EventCentral/views/default/admin_page.html: 0
[2014-11-18 15:20:16] EDIT EventCentral/views/default/rsvp.html: 0
[2014-11-18 15:20:59] EDIT EventCentral/views/default/view_student_org.html: 0
[2014-11-18 15:21:04] EDIT EventCentral/views/default/view_student_org.html: 0
[2014-11-18 15:22:22] EDIT EventCentral/views/default/admin_page.html: 3
[2014-11-18 15:22:38] EDIT EventCentral/views/default/admin_page.html: 0
[2014-11-18 15:22:47] EDIT EventCentral/views/default/admin_page.html: -3
[2014-11-18 15:22:52] EDIT EventCentral/views/default/view_student_org.html: 2
[2014-11-18 15:22:55] EDIT EventCentral/views/default/view_student_org.html: 0
[2014-11-18 15:23:15] EDIT EventCentral/views/default/view_student_org.html: -3
[2014-11-18 15:24:19] EDIT EventCentral/views/default/add_student_org.html: 0
[2014-11-18 15:24:24] EDIT EventCentral/views/default/add_student_org.html: 0
[2014-11-18 15:24:26] EDIT EventCentral/views/default/view_student_org.html: 0
[2014-11-18 15:24:28] EDIT EventCentral/controllers/default.py: 0
[2014-11-18 15:24:29] EDIT EventCentral/views/default/admin_page.html: 0
[2014-11-18 15:57:37] EDIT EventCentral/models/b_student_org.py: 0
[2014-11-18 15:58:01] EDIT EventCentral/views/default/admin_page.html: 0
[2014-12-04 23:33:11] EDIT EventCentral/controllers/default.py: 3
[2014-12-04 23:47:32] EDIT EventCentral/controllers/default.py: 5
[2014-12-04 23:48:32] EDIT EventCentral/controllers/default.py: 0
[2014-12-04 23:48:33] EDIT EventCentral/controllers/default.py: 0
[2014-12-05 00:06:17] EDIT EventCentral/controllers/default.py: 8
[2014-12-05 00:06:29] EDIT EventCentral/controllers/default.py: 0
[2014-12-05 00:07:59] EDIT EventCentral/controllers/default.py: 0
[2014-12-05 00:08:37] EDIT EventCentral/controllers/default.py: 0
[2014-12-05 00:09:57] EDIT EventCentral/controllers/default.py: 0
[2014-12-05 00:10:53] EDIT EventCentral/controllers/default.py: 2
[2014-12-05 00:11:10] EDIT EventCentral/controllers/default.py: -2
[2014-12-05 00:12:23] EDIT EventCentral/controllers/default.py: 0
[2014-12-05 00:12:58] EDIT EventCentral/controllers/default.py: 0
[2014-12-05 00:13:29] EDIT EventCentral/controllers/default.py: 0
[2014-12-05 00:15:54] EDIT EventCentral/controllers/default.py: 2
[2014-12-05 00:16:37] EDIT EventCentral/controllers/default.py: 0
[2014-12-05 00:20:33] EDIT EventCentral/controllers/default.py: 1
[2014-12-05 00:21:20] EDIT EventCentral/controllers/default.py: 0
[2014-12-05 00:21:50] EDIT EventCentral/controllers/default.py: 0
[2014-12-05 00:22:41] EDIT EventCentral/controllers/default.py: -1
[2014-12-05 00:38:41] EDIT EventCentral/controllers/default.py: -2
[2014-12-05 00:40:25] EDIT EventCentral/controllers/default.py: 0
[2014-12-05 00:42:05] EDIT EventCentral/controllers/default.py: 0
[2014-12-05 00:43:14] EDIT EventCentral/controllers/default.py: 1
[2014-12-05 00:45:10] EDIT EventCentral/controllers/default.py: 0
[2014-12-05 00:49:02] EDIT EventCentral/controllers/default.py: 3
[2014-12-05 01:03:34] EDIT EventCentral/controllers/default.py: -1
[2014-12-05 01:04:05] EDIT EventCentral/controllers/default.py: 0
[2014-12-05 01:04:09] EDIT EventCentral/controllers/default.py: 0
[2014-12-05 01:04:10] EDIT EventCentral/controllers/default.py: 0
[2014-12-05 01:04:11] EDIT EventCentral/controllers/default.py: 0
[2014-12-05 01:04:11] EDIT EventCentral/controllers/default.py: 0
[2014-12-05 01:04:12] EDIT EventCentral/controllers/default.py: 0
[2014-12-05 01:04:12] EDIT EventCentral/controllers/default.py: 0
[2014-12-05 13:36:03] EDIT EventCentral/controllers/default.py: 2
[2014-12-05 13:37:25] EDIT EventCentral/controllers/default.py: 0
[2014-12-05 13:38:18] EDIT EventCentral/controllers/default.py: 0
[2014-12-05 13:41:31] EDIT EventCentral/controllers/default.py: -2
[2014-12-05 13:41:51] EDIT EventCentral/controllers/default.py: 0
[2014-12-05 13:42:13] EDIT EventCentral/controllers/default.py: -3
[2014-12-05 13:46:30] EDIT EventCentral/controllers/default.py: -22
[2014-12-05 13:53:54] EDIT EventCentral/controllers/default.py: 5
[2014-12-05 13:55:03] EDIT EventCentral/controllers/default.py: 2
[2014-12-05 13:56:08] EDIT EventCentral/controllers/default.py: 0
[2014-12-05 14:53:31] EDIT EventCentral/views/default/search.html: 2
[2014-12-05 14:54:09] EDIT EventCentral/views/default/search.html: 1
[2014-12-05 14:54:42] EDIT EventCentral/views/default/search.html: 0
[2014-12-05 14:55:01] EDIT EventCentral/views/default/search.html: 0
[2014-12-05 14:55:45] EDIT EventCentral/views/default/search.html: 0
[2014-12-05 14:57:04] EDIT EventCentral/views/default/search.html: 0
[2014-12-05 14:57:40] EDIT EventCentral/views/default/search.html: 0
[2014-12-05 14:57:58] EDIT EventCentral/views/default/search.html: 0
[2014-12-05 14:58:50] EDIT EventCentral/views/default/search.html: 0
[2014-12-05 14:59:00] EDIT EventCentral/views/default/search.html: 0
[2014-12-05 14:59:48] CREATE default/view_all_events.html: 0
[2014-12-05 15:02:17] EDIT EventCentral/controllers/default.py: 3
[2014-12-05 15:03:14] EDIT EventCentral/views/default/search.html: 0
[2014-12-05 15:03:26] EDIT EventCentral/views/default/view_all_events.html: -1
[2014-12-05 15:08:44] EDIT EventCentral/controllers/default.py: 5
[2014-12-05 15:20:35] EDIT EventCentral/controllers/default.py: -1
[2014-12-05 15:22:36] EDIT EventCentral/controllers/default.py: 0
[2014-12-05 15:22:40] EDIT EventCentral/controllers/default.py: 0
[2014-12-05 15:23:45] EDIT EventCentral/controllers/default.py: 0
[2014-12-05 15:24:30] EDIT EventCentral/controllers/default.py: 0
[2014-12-05 15:24:34] EDIT EventCentral/controllers/default.py: 0
[2014-12-05 15:27:22] EDIT EventCentral/views/default/view_all_events.html: 3
[2014-12-05 15:27:47] EDIT EventCentral/views/default/view_all_events.html: 0
[2014-12-05 15:29:36] EDIT EventCentral/controllers/default.py: -2
[2014-12-05 15:29:48] EDIT EventCentral/views/default/view_all_events.html: -3
[2014-12-05 15:31:50] EDIT EventCentral/controllers/default.py: -1
[2014-12-05 15:32:39] EDIT EventCentral/views/default/view_all_events.html: 0
[2014-12-05 15:33:45] EDIT EventCentral/views/default/view_all_events.html: 1
[2014-12-05 18:17:39] EDIT EventCentral/views/default/view_all_events.html: 0
[2014-12-05 18:18:13] EDIT EventCentral/views/default/rsvp.html: 0
[2014-12-05 18:22:51] EDIT EventCentral/views/default/view_all_events.html: 1
[2014-12-05 18:38:08] EDIT EventCentral/views/default/view_all_events.html: -2
[2014-12-05 18:43:50] EDIT EventCentral/views/default/view_all_events.html: 1
[2014-12-06 02:32:45] EDIT EventCentral/controllers/default.py: 16
[2014-12-06 02:35:52] EDIT EventCentral/controllers/default.py: 5
[2014-12-06 02:38:07] EDIT EventCentral/controllers/default.py: 1
[2014-12-06 02:38:14] EDIT EventCentral/controllers/default.py: 0
[2014-12-06 02:38:26] EDIT EventCentral/controllers/default.py: 0
[2014-12-06 02:38:30] EDIT EventCentral/controllers/default.py: 0
[2014-12-06 02:39:23] EDIT EventCentral/controllers/default.py: -1
[2014-12-06 02:39:27] EDIT EventCentral/controllers/default.py: 0
[2014-12-06 02:40:16] EDIT EventCentral/controllers/default.py: 0
[2014-12-06 02:48:05] EDIT EventCentral/controllers/default.py: 2
[2014-12-06 02:50:06] EDIT EventCentral/controllers/default.py: -2
[2014-12-06 02:50:21] EDIT EventCentral/controllers/default.py: 0
[2014-12-06 02:52:13] EDIT EventCentral/controllers/default.py: 1
[2014-12-06 02:54:14] EDIT EventCentral/views/default/search.html: 0
[2014-12-06 02:55:32] EDIT EventCentral/views/default/search.html: 2
[2014-12-06 02:56:00] EDIT EventCentral/views/default/search.html: 0
[2014-12-06 02:57:43] EDIT EventCentral/views/default/search.html: 1
[2014-12-06 02:59:06] EDIT EventCentral/views/default/search.html: -1
[2014-12-06 03:01:00] EDIT EventCentral/views/default/search.html: 0
[2014-12-06 03:01:56] EDIT EventCentral/views/default/search.html: 1
[2014-12-06 03:02:30] EDIT EventCentral/views/default/search.html: -1
[2014-12-06 03:02:48] EDIT EventCentral/views/default/search.html: 1
[2014-12-06 19:01:34] EDIT EventCentral/controllers/default.py: 0
[2014-12-06 19:09:18] EDIT EventCentral/views/default/search.html: -6
[2014-12-06 19:09:50] EDIT EventCentral/views/default/search.html: 1
[2014-12-06 19:10:09] EDIT EventCentral/views/default/search.html: 0
