timestamp: 2014-11-10T15:40:02.246069
ALTER TABLE admin_pool ADD title CHAR(512);
success!
timestamp: 2014-11-17T17:18:01.743149
ALTER TABLE admin_pool ADD title CHAR(512);
success!
timestamp: 2014-11-18T08:58:59.923563
ALTER TABLE student_org ADD picture CHAR(512);
timestamp: 2014-11-18T08:58:59.932452
ALTER TABLE student_org ADD admins INTEGER REFERENCES auth_user (id) ON DELETE CASCADE;
timestamp: 2014-11-18T08:58:59.936822
ALTER TABLE student_org ADD email CHAR(512);
timestamp: 2014-11-18T08:58:59.939868
ALTER TABLE student_org ADD leaders CHAR(512);
success!
timestamp: 2014-11-18T10:55:24.321366
ALTER TABLE student_org ADD meeting_location CHAR(512);
success!
timestamp: 2014-11-28T14:55:07.928370
ALTER TABLE student_org ADD meeting_time TIMESTAMP;
success!
success!
success!
success!
success!
success!
success!
success!
success!
success!
success!
success!
success!
success!
success!
success!
success!
success!
success!
success!
success!
success!
success!
success!
success!
success!
success!
success!
success!
success!
success!
success!
